<?xml version="1.0" encoding="UTF-8"?>
<!-- Generated by org.testng.reporters.JUnitReportReporter -->
<testsuite hostname="Asads-MacBook-Air.local" failures="0" tests="1" name="EcommerceProjectReport.EcommerceProjectExtentReport.demo" time="6.280" errors="0" timestamp="2022-12-04T01:56:55 CST" skipped="0">
  <testcase classname="EcommerceProjectReport.EcommerceProjectExtentReport.demo" name="initialTest" time="6.280"/>
  <system-out/>
</testsuite> <!-- EcommerceProjectReport.EcommerceProjectExtentReport.demo -->
