<?xml version="1.0" encoding="UTF-8"?>
<!-- Generated by org.testng.reporters.JUnitReportReporter -->
<testsuite hostname="Asads-MacBook-Air.local" failures="0" tests="1" name="EcommerceProjectReport.EcommerceProjectExtentReport.Test2" time="9.461" errors="0" timestamp="2022-12-04T11:33:25 CST" skipped="0">
  <testcase classname="EcommerceProjectReport.EcommerceProjectExtentReport.Test2" name="TestCae2" time="9.461"/>
  <system-out/>
</testsuite> <!-- EcommerceProjectReport.EcommerceProjectExtentReport.Test2 -->
