<?xml version="1.0" encoding="UTF-8"?>
<!-- Generated by org.testng.reporters.JUnitReportReporter -->
<testsuite hostname="Asads-MacBook-Air.local" failures="0" tests="1" name="EcommerceProjectReport.EcommerceProjectExtentReport.Test8" time="28.131" errors="0" timestamp="2022-12-04T11:33:25 CST" skipped="0">
  <testcase classname="EcommerceProjectReport.EcommerceProjectExtentReport.Test8" name="TestCse8" time="28.131"/>
  <system-out/>
</testsuite> <!-- EcommerceProjectReport.EcommerceProjectExtentReport.Test8 -->
